<?xml version="1.0" encoding="UTF-8"?>
<testsuite name="ru.netology.rest.PostmanEchoTest" tests="1" skipped="0" failures="0" errors="0" timestamp="2022-07-23T11:34:22" hostname="LAPTOP-2OBA4HUP" time="2.864">
  <properties/>
  <testcase name="shouldReturnData()" classname="ru.netology.rest.PostmanEchoTest" time="2.864"/>
  <system-out><![CDATA[]]></system-out>
  <system-err><![CDATA[]]></system-err>
</testsuite>
